In file included from /media/diskc/platform/forthsrc/../../csrc/pf_cglue.c:22:
In file included from /media/diskc/platform/forthsrc/../../csrc/pf_all.h:59:
/media/diskc/platform/forthsrc/../../csrc/pf_save.h:78: warning: type defaults to int
In file included from /media/diskc/platform/forthsrc/../../csrc/pf_cglue.c:22:
In file included from /media/diskc/platform/forthsrc/../../csrc/pf_all.h:59:
/media/diskc/platform/forthsrc/../../csrc/pf_save.h:78: error: ';' expected (got "Read16BigEndian")
In file included from /media/diskc/platform/forthsrc/../../csrc/pf_clib.c:28:
In file included from /media/diskc/platform/forthsrc/../../csrc/pf_all.h:59:
/media/diskc/platform/forthsrc/../../csrc/pf_save.h:78: warning: type defaults to int
In file included from /media/diskc/platform/forthsrc/../../csrc/pf_clib.c:28:
In file included from /media/diskc/platform/forthsrc/../../csrc/pf_all.h:59:
/media/diskc/platform/forthsrc/../../csrc/pf_save.h:78: error: ';' expected (got "Read16BigEndian")
In file included from /media/diskc/platform/forthsrc/../../csrc/pf_core.c:39:
In file included from /media/diskc/platform/forthsrc/../../csrc/pf_all.h:59:
/media/diskc/platform/forthsrc/../../csrc/pf_save.h:78: warning: type defaults to int
In file included from /media/diskc/platform/forthsrc/../../csrc/pf_core.c:39:
In file included from /media/diskc/platform/forthsrc/../../csrc/pf_all.h:59:
/media/diskc/platform/forthsrc/../../csrc/pf_save.h:78: error: ';' expected (got "Read16BigEndian")
In file included from /media/diskc/platform/forthsrc/../../csrc/pf_inner.c:32:
In file included from /media/diskc/platform/forthsrc/../../csrc/pf_all.h:59:
/media/diskc/platform/forthsrc/../../csrc/pf_save.h:78: warning: type defaults to int
In file included from /media/diskc/platform/forthsrc/../../csrc/pf_inner.c:32:
In file included from /media/diskc/platform/forthsrc/../../csrc/pf_all.h:59:
/media/diskc/platform/forthsrc/../../csrc/pf_save.h:78: error: ';' expected (got "Read16BigEndian")
In file included from /media/diskc/platform/forthsrc/../../csrc/pf_io.c:24:
In file included from /media/diskc/platform/forthsrc/../../csrc/pf_all.h:59:
/media/diskc/platform/forthsrc/../../csrc/pf_save.h:78: warning: type defaults to int
In file included from /media/diskc/platform/forthsrc/../../csrc/pf_io.c:24:
In file included from /media/diskc/platform/forthsrc/../../csrc/pf_all.h:59:
/media/diskc/platform/forthsrc/../../csrc/pf_save.h:78: error: ';' expected (got "Read16BigEndian")
In file included from /media/diskc/platform/forthsrc/../../csrc/pf_io_no.c:24:
In file included from /media/diskc/platform/forthsrc/../../csrc/pf_all.h:59:
/media/diskc/platform/forthsrc/../../csrc/pf_save.h:78: warning: type defaults to int
In file included from /media/diskc/platform/forthsrc/../../csrc/pf_io_no.c:24:
In file included from /media/diskc/platform/forthsrc/../../csrc/pf_all.h:59:
/media/diskc/platform/forthsrc/../../csrc/pf_save.h:78: error: ';' expected (got "Read16BigEndian")
/media/diskc/platform/forthsrc/../../csrc/pf_main.c:82: warning: assignment makes pointer from integer without a cast
/media/diskc/platform/forthsrc/../../csrc/pf_main.c:82: warning: pointer/integer mismatch in comparison
/media/diskc/platform/forthsrc/../../csrc/pf_main.c:84: error: cannot use pointers here
In file included from /media/diskc/platform/forthsrc/../../csrc/pf_mem.c:26:
In file included from /media/diskc/platform/forthsrc/../../csrc/pf_all.h:59:
/media/diskc/platform/forthsrc/../../csrc/pf_save.h:78: warning: type defaults to int
In file included from /media/diskc/platform/forthsrc/../../csrc/pf_mem.c:26:
In file included from /media/diskc/platform/forthsrc/../../csrc/pf_all.h:59:
/media/diskc/platform/forthsrc/../../csrc/pf_save.h:78: error: ';' expected (got "Read16BigEndian")
In file included from /media/diskc/platform/forthsrc/../../csrc/pf_text.c:28:
In file included from /media/diskc/platform/forthsrc/../../csrc/pf_all.h:59:
/media/diskc/platform/forthsrc/../../csrc/pf_save.h:78: warning: type defaults to int
In file included from /media/diskc/platform/forthsrc/../../csrc/pf_text.c:28:
In file included from /media/diskc/platform/forthsrc/../../csrc/pf_all.h:59:
/media/diskc/platform/forthsrc/../../csrc/pf_save.h:78: error: ';' expected (got "Read16BigEndian")
In file included from /media/diskc/platform/forthsrc/../../csrc/pf_words.c:25:
In file included from /media/diskc/platform/forthsrc/../../csrc/pf_all.h:59:
/media/diskc/platform/forthsrc/../../csrc/pf_save.h:78: warning: type defaults to int
In file included from /media/diskc/platform/forthsrc/../../csrc/pf_words.c:25:
In file included from /media/diskc/platform/forthsrc/../../csrc/pf_all.h:59:
/media/diskc/platform/forthsrc/../../csrc/pf_save.h:78: error: ';' expected (got "Read16BigEndian")
In file included from /media/diskc/platform/forthsrc/../../csrc/pfcompil.c:27:
In file included from /media/diskc/platform/forthsrc/../../csrc/pf_all.h:59:
/media/diskc/platform/forthsrc/../../csrc/pf_save.h:78: warning: type defaults to int
In file included from /media/diskc/platform/forthsrc/../../csrc/pfcompil.c:27:
In file included from /media/diskc/platform/forthsrc/../../csrc/pf_all.h:59:
/media/diskc/platform/forthsrc/../../csrc/pf_save.h:78: error: ';' expected (got "Read16BigEndian")
In file included from /media/diskc/platform/forthsrc/../../csrc/pfcustom.c:32:
In file included from /media/diskc/platform/forthsrc/../../csrc/pf_all.h:59:
/media/diskc/platform/forthsrc/../../csrc/pf_save.h:78: warning: type defaults to int
In file included from /media/diskc/platform/forthsrc/../../csrc/pfcustom.c:32:
In file included from /media/diskc/platform/forthsrc/../../csrc/pf_all.h:59:
/media/diskc/platform/forthsrc/../../csrc/pf_save.h:78: error: ';' expected (got "Read16BigEndian")
tcc: error: file 'pf_cglue.o' not found
