In file included from /media/diskc/platform/forthsrc/../../csrc/pf_cglue.c:22:
In file included from /media/diskc/platform/forthsrc/../../csrc/pf_all.h:55:
/media/diskc/platform/forthsrc/../../csrc/pf_text.h:65: error: invalid type
In file included from /media/diskc/platform/forthsrc/../../csrc/pf_clib.c:28:
In file included from /media/diskc/platform/forthsrc/../../csrc/pf_all.h:55:
/media/diskc/platform/forthsrc/../../csrc/pf_text.h:65: error: invalid type
In file included from /media/diskc/platform/forthsrc/../../csrc/pf_core.c:39:
In file included from /media/diskc/platform/forthsrc/../../csrc/pf_all.h:55:
/media/diskc/platform/forthsrc/../../csrc/pf_text.h:65: error: invalid type
In file included from /media/diskc/platform/forthsrc/../../csrc/pf_inner.c:32:
In file included from /media/diskc/platform/forthsrc/../../csrc/pf_all.h:55:
/media/diskc/platform/forthsrc/../../csrc/pf_text.h:65: error: invalid type
In file included from /media/diskc/platform/forthsrc/../../csrc/pf_io.c:24:
In file included from /media/diskc/platform/forthsrc/../../csrc/pf_all.h:55:
/media/diskc/platform/forthsrc/../../csrc/pf_text.h:65: error: invalid type
In file included from /media/diskc/platform/forthsrc/../../csrc/pf_io_no.c:24:
In file included from /media/diskc/platform/forthsrc/../../csrc/pf_all.h:55:
/media/diskc/platform/forthsrc/../../csrc/pf_text.h:65: error: invalid type
/media/diskc/platform/forthsrc/../../csrc/pf_main.c:69: error: 'NULL' undeclared
In file included from /media/diskc/platform/forthsrc/../../csrc/pf_mem.c:26:
In file included from /media/diskc/platform/forthsrc/../../csrc/pf_all.h:55:
/media/diskc/platform/forthsrc/../../csrc/pf_text.h:65: error: invalid type
In file included from /media/diskc/platform/forthsrc/../../csrc/pf_text.c:28:
In file included from /media/diskc/platform/forthsrc/../../csrc/pf_all.h:55:
/media/diskc/platform/forthsrc/../../csrc/pf_text.h:65: error: invalid type
In file included from /media/diskc/platform/forthsrc/../../csrc/pf_words.c:25:
In file included from /media/diskc/platform/forthsrc/../../csrc/pf_all.h:55:
/media/diskc/platform/forthsrc/../../csrc/pf_text.h:65: error: invalid type
In file included from /media/diskc/platform/forthsrc/../../csrc/pfcompil.c:27:
In file included from /media/diskc/platform/forthsrc/../../csrc/pf_all.h:55:
/media/diskc/platform/forthsrc/../../csrc/pf_text.h:65: error: invalid type
In file included from /media/diskc/platform/forthsrc/../../csrc/pfcustom.c:32:
In file included from /media/diskc/platform/forthsrc/../../csrc/pf_all.h:55:
/media/diskc/platform/forthsrc/../../csrc/pf_text.h:65: error: invalid type
tcc: error: file 'pf_cglue.o' not found
